2023-12-18 20:04:59.052  INFO 11856 --- [main] com.oscar.database.DatabaseApplication   : Starting DatabaseApplication using Java 11.0.19 on DESKTOP-VPUE1QB with PID 11856 (D:\GitHub\Spring-ECommerce\database\target\classes started by Oscar in D:\GitHub\Spring-ECommerce)
2023-12-18 20:04:59.054  INFO 11856 --- [main] com.oscar.database.DatabaseApplication   : No active profile set, falling back to 1 default profile: "default"
2023-12-18 20:05:00.772  INFO 11856 --- [main] com.oscar.database.DatabaseApplication   : Started DatabaseApplication in 1.936 seconds (JVM running for 2.39)
2023-12-18 20:05:25.600  INFO 11856 --- [http-nio-8082-exec-2] com.oscar.database.aspect.LogAspect      : RequestLog --- LogAspect.RequestLog(url=http://localhost:8082/restfulapi/productCategory, ip=0:0:0:0:0:0:0:1, classMethod=com.oscar.database.controller.ProductCategoryController.getAllList, args=[])
2023-12-18 20:05:25.664  INFO 11856 --- [http-nio-8082-exec-2] com.oscar.database.aspect.LogAspect      : Returning --- ApiResponse(statusCode=200, status=正常, resultData=[ProductCategory(id=1, title=3C, description=Electronics, Computers, Cameras, etc., pid=00001, isDelete=N)])
2023-12-18 20:08:20.955  INFO 19624 --- [main] com.oscar.database.DatabaseApplication   : Starting DatabaseApplication using Java 11.0.19 on DESKTOP-VPUE1QB with PID 19624 (D:\GitHub\Spring-ECommerce\database\target\classes started by Oscar in D:\GitHub\Spring-ECommerce)
2023-12-18 20:08:20.957  INFO 19624 --- [main] com.oscar.database.DatabaseApplication   : No active profile set, falling back to 1 default profile: "default"
2023-12-18 20:08:22.650  INFO 19624 --- [main] com.oscar.database.DatabaseApplication   : Started DatabaseApplication in 1.9 seconds (JVM running for 2.343)
2023-12-18 20:08:25.554  INFO 19624 --- [http-nio-8082-exec-1] com.oscar.database.aspect.LogAspect      : RequestLog --- LogAspect.RequestLog(url=http://localhost:8082/restfulapi/productCategory, ip=0:0:0:0:0:0:0:1, classMethod=class org.springframework.aop.aspectj.MethodInvocationProceedingJoinPoint$MethodSignatureImpl.getAllList, args=[])
2023-12-18 20:08:25.615  INFO 19624 --- [http-nio-8082-exec-1] com.oscar.database.aspect.LogAspect      : Returning --- ApiResponse(statusCode=200, status=正常, resultData=[ProductCategory(id=1, title=3C, description=Electronics, Computers, Cameras, etc., pid=00001, isDelete=N)])
2023-12-18 20:08:50.658  INFO 11292 --- [main] com.oscar.database.DatabaseApplication   : Starting DatabaseApplication using Java 11.0.19 on DESKTOP-VPUE1QB with PID 11292 (D:\GitHub\Spring-ECommerce\database\target\classes started by Oscar in D:\GitHub\Spring-ECommerce)
2023-12-18 20:08:50.660  INFO 11292 --- [main] com.oscar.database.DatabaseApplication   : No active profile set, falling back to 1 default profile: "default"
2023-12-18 20:08:52.294  INFO 11292 --- [main] com.oscar.database.DatabaseApplication   : Started DatabaseApplication in 1.848 seconds (JVM running for 2.306)
2023-12-18 20:08:55.980  INFO 11292 --- [http-nio-8082-exec-3] com.oscar.database.aspect.LogAspect      : RequestLog --- LogAspect.RequestLog(url=http://localhost:8082/restfulapi/productCategory, ip=0:0:0:0:0:0:0:1, classMethod=org.springframework.aop.aspectj.MethodInvocationProceedingJoinPoint$MethodSignatureImpl.getAllList, args=[])
2023-12-18 20:08:56.046  INFO 11292 --- [http-nio-8082-exec-3] com.oscar.database.aspect.LogAspect      : Returning --- ApiResponse(statusCode=200, status=正常, resultData=[ProductCategory(id=1, title=3C, description=Electronics, Computers, Cameras, etc., pid=00001, isDelete=N)])
2023-12-18 20:09:28.986  INFO 22132 --- [main] com.oscar.database.DatabaseApplication   : Starting DatabaseApplication using Java 11.0.19 on DESKTOP-VPUE1QB with PID 22132 (D:\GitHub\Spring-ECommerce\database\target\classes started by Oscar in D:\GitHub\Spring-ECommerce)
2023-12-18 20:09:28.988  INFO 22132 --- [main] com.oscar.database.DatabaseApplication   : No active profile set, falling back to 1 default profile: "default"
2023-12-18 20:09:30.593  INFO 22132 --- [main] com.oscar.database.DatabaseApplication   : Started DatabaseApplication in 1.814 seconds (JVM running for 2.274)
2023-12-18 20:09:36.952  INFO 22132 --- [http-nio-8082-exec-3] com.oscar.database.aspect.LogAspect      : RequestLog --- LogAspect.RequestLog(url=http://localhost:8082/restfulapi/productCategory, ip=0:0:0:0:0:0:0:1, classMethod=com.oscar.database.controller.ProductCategoryController.getAllList, args=[])
2023-12-18 20:09:37.013  INFO 22132 --- [http-nio-8082-exec-3] com.oscar.database.aspect.LogAspect      : Returning --- ApiResponse(statusCode=200, status=正常, resultData=[ProductCategory(id=1, title=3C, description=Electronics, Computers, Cameras, etc., pid=00001, isDelete=N)])
2023-12-18 20:10:30.286  INFO 10304 --- [main] com.oscar.database.DatabaseApplication   : Starting DatabaseApplication using Java 11.0.19 on DESKTOP-VPUE1QB with PID 10304 (D:\GitHub\Spring-ECommerce\database\target\classes started by Oscar in D:\GitHub\Spring-ECommerce)
2023-12-18 20:10:30.288  INFO 10304 --- [main] com.oscar.database.DatabaseApplication   : No active profile set, falling back to 1 default profile: "default"
2023-12-18 20:10:31.898  INFO 10304 --- [main] com.oscar.database.DatabaseApplication   : Started DatabaseApplication in 1.826 seconds (JVM running for 2.347)
2023-12-18 20:10:35.624  INFO 10304 --- [http-nio-8082-exec-6] com.oscar.database.aspect.LogAspect      : RequestLog --- LogAspect.RequestLog(url=http://localhost:8082/restfulapi/productCategory, ip=0:0:0:0:0:0:0:1, classMethod=com.oscar.database.controller.ProductCategoryController.getAllList, args=[])
2023-12-18 20:10:35.687  INFO 10304 --- [http-nio-8082-exec-6] com.oscar.database.aspect.LogAspect      : Returning --- ApiResponse(statusCode=200, status=正常, resultData=[ProductCategory(id=1, title=3C, description=Electronics, Computers, Cameras, etc., pid=00001, isDelete=N)])
2023-12-18 20:14:11.316  INFO 2660 --- [main] com.oscar.database.DatabaseApplication   : Starting DatabaseApplication using Java 11.0.19 on DESKTOP-VPUE1QB with PID 2660 (D:\GitHub\Spring-ECommerce\database\target\classes started by Oscar in D:\GitHub\Spring-ECommerce)
2023-12-18 20:14:11.318  INFO 2660 --- [main] com.oscar.database.DatabaseApplication   : No active profile set, falling back to 1 default profile: "default"
2023-12-18 20:14:12.965  INFO 2660 --- [main] com.oscar.database.DatabaseApplication   : Started DatabaseApplication in 1.858 seconds (JVM running for 2.37)
2023-12-18 20:14:18.064  INFO 2660 --- [http-nio-8082-exec-2] com.oscar.database.aspect.LogAspect      : RequestLog --- LogAspect.RequestLog(url=http://localhost:8082/restfulapi/productCategory, ip=0:0:0:0:0:0:0:1, classMethod=.ProductCategoryController.getAllList, args=[])
2023-12-18 20:14:18.126  INFO 2660 --- [http-nio-8082-exec-2] com.oscar.database.aspect.LogAspect      : Returning --- ApiResponse(statusCode=200, status=正常, resultData=[ProductCategory(id=1, title=3C, description=Electronics, Computers, Cameras, etc., pid=00001, isDelete=N)])
2023-12-18 20:18:14.299  INFO 412 --- [main] com.oscar.database.DatabaseApplication   : Starting DatabaseApplication using Java 11.0.19 on DESKTOP-VPUE1QB with PID 412 (D:\GitHub\Spring-ECommerce\database\target\classes started by Oscar in D:\GitHub\Spring-ECommerce)
2023-12-18 20:18:14.301  INFO 412 --- [main] com.oscar.database.DatabaseApplication   : No active profile set, falling back to 1 default profile: "default"
2023-12-18 20:18:15.979  INFO 412 --- [main] com.oscar.database.DatabaseApplication   : Started DatabaseApplication in 1.885 seconds (JVM running for 2.348)
2023-12-18 20:18:18.022  INFO 412 --- [http-nio-8082-exec-1] com.oscar.database.aspect.LogAspect      : RequestLog --- LogAspect.RequestLog(url=http://localhost:8082/restfulapi/productCategory, ip=0:0:0:0:0:0:0:1, classMethod=ProductCategoryController.ProductCategoryController.getAllList, args=[])
2023-12-18 20:18:18.089  INFO 412 --- [http-nio-8082-exec-1] com.oscar.database.aspect.LogAspect      : Returning --- ApiResponse(statusCode=200, status=正常, resultData=[ProductCategory(id=1, title=3C, description=Electronics, Computers, Cameras, etc., pid=00001, isDelete=N)])
2023-12-18 20:18:44.775  INFO 11788 --- [main] com.oscar.database.DatabaseApplication   : Starting DatabaseApplication using Java 11.0.19 on DESKTOP-VPUE1QB with PID 11788 (D:\GitHub\Spring-ECommerce\database\target\classes started by Oscar in D:\GitHub\Spring-ECommerce)
2023-12-18 20:18:44.776  INFO 11788 --- [main] com.oscar.database.DatabaseApplication   : No active profile set, falling back to 1 default profile: "default"
2023-12-18 20:18:46.399  INFO 11788 --- [main] com.oscar.database.DatabaseApplication   : Started DatabaseApplication in 1.835 seconds (JVM running for 2.302)
2023-12-18 20:19:02.387  INFO 412 --- [main] com.oscar.database.DatabaseApplication   : Starting DatabaseApplication using Java 11.0.19 on DESKTOP-VPUE1QB with PID 412 (D:\GitHub\Spring-ECommerce\database\target\classes started by Oscar in D:\GitHub\Spring-ECommerce)
2023-12-18 20:19:02.389  INFO 412 --- [main] com.oscar.database.DatabaseApplication   : No active profile set, falling back to 1 default profile: "default"
2023-12-18 20:19:04.003  INFO 412 --- [main] com.oscar.database.DatabaseApplication   : Started DatabaseApplication in 1.827 seconds (JVM running for 2.283)
2023-12-18 20:19:05.623  INFO 412 --- [http-nio-8082-exec-1] com.oscar.database.aspect.LogAspect      : RequestLog --- LogAspect.RequestLog(url=http://localhost:8082/restfulapi/productCategory, ip=0:0:0:0:0:0:0:1, classMethod=ProductCategoryController.getAllList, args=[])
2023-12-18 20:19:05.691  INFO 412 --- [http-nio-8082-exec-1] com.oscar.database.aspect.LogAspect      : Returning --- ApiResponse(statusCode=200, status=正常, resultData=[ProductCategory(id=1, title=3C, description=Electronics, Computers, Cameras, etc., pid=00001, isDelete=N)])
2023-12-18 20:21:37.436  INFO 16272 --- [main] com.oscar.database.DatabaseApplication   : Starting DatabaseApplication using Java 11.0.19 on DESKTOP-VPUE1QB with PID 16272 (D:\GitHub\Spring-ECommerce\database\target\classes started by Oscar in D:\GitHub\Spring-ECommerce)
2023-12-18 20:21:37.437  INFO 16272 --- [main] com.oscar.database.DatabaseApplication   : No active profile set, falling back to 1 default profile: "default"
2023-12-18 20:21:39.080  INFO 16272 --- [main] com.oscar.database.DatabaseApplication   : Started DatabaseApplication in 1.868 seconds (JVM running for 2.373)
2023-12-18 20:21:41.725  INFO 16272 --- [http-nio-8082-exec-3] com.oscar.database.aspect.LogAspect      : RequestLog --- LogAspect.RequestLog(url=restfulapi/productCategory, ip=0:0:0:0:0:0:0:1, classMethod=ProductCategoryController.getAllList, args=[])
2023-12-18 20:21:41.791  INFO 16272 --- [http-nio-8082-exec-3] com.oscar.database.aspect.LogAspect      : Returning --- ApiResponse(statusCode=200, status=正常, resultData=[ProductCategory(id=1, title=3C, description=Electronics, Computers, Cameras, etc., pid=00001, isDelete=N)])
2023-12-18 20:22:54.534  INFO 20636 --- [main] com.oscar.database.DatabaseApplication   : Starting DatabaseApplication using Java 11.0.19 on DESKTOP-VPUE1QB with PID 20636 (D:\GitHub\Spring-ECommerce\database\target\classes started by Oscar in D:\GitHub\Spring-ECommerce)
2023-12-18 20:22:54.536  INFO 20636 --- [main] com.oscar.database.DatabaseApplication   : No active profile set, falling back to 1 default profile: "default"
2023-12-18 20:22:56.192  INFO 20636 --- [main] com.oscar.database.DatabaseApplication   : Started DatabaseApplication in 1.873 seconds (JVM running for 2.369)
2023-12-18 20:23:06.039  INFO 20636 --- [http-nio-8082-exec-1] com.oscar.database.aspect.LogAspect      : RequestLog --- LogAspect.RequestLog(url=restfulapi/productCategory, ip=0:0:0:0:0:0:0:1, classMethod=ProductCategoryController.getAllList, args=[])
2023-12-18 20:23:06.103  INFO 20636 --- [http-nio-8082-exec-1] com.oscar.database.aspect.LogAspect      : Returning --- ApiResponse(statusCode=200, status=正常, resultData=[ProductCategory(id=1, title=3C, description=Electronics, Computers, Cameras, etc., pid=00001, isDelete=N)])
2023-12-18 20:24:14.576  INFO 12520 --- [main] com.oscar.database.DatabaseApplication   : Starting DatabaseApplication using Java 11.0.19 on DESKTOP-VPUE1QB with PID 12520 (D:\GitHub\Spring-ECommerce\database\target\classes started by Oscar in D:\GitHub\Spring-ECommerce)
2023-12-18 20:24:14.577  INFO 12520 --- [main] com.oscar.database.DatabaseApplication   : No active profile set, falling back to 1 default profile: "default"
2023-12-18 20:24:16.238  INFO 12520 --- [main] com.oscar.database.DatabaseApplication   : Started DatabaseApplication in 1.877 seconds (JVM running for 2.331)
2023-12-18 20:24:26.109  INFO 12520 --- [http-nio-8082-exec-1] com.oscar.database.aspect.LogAspect      : RequestLog --- com.oscar.database.aspect.LogAspect$RequestLog@13d099d9
2023-12-18 20:24:26.169  INFO 12520 --- [http-nio-8082-exec-1] com.oscar.database.aspect.LogAspect      : Returning --- ApiResponse(statusCode=200, status=正常, resultData=[ProductCategory(id=1, title=3C, description=Electronics, Computers, Cameras, etc., pid=00001, isDelete=N)])
2023-12-18 20:24:44.700  INFO 23372 --- [main] com.oscar.database.DatabaseApplication   : Starting DatabaseApplication using Java 11.0.19 on DESKTOP-VPUE1QB with PID 23372 (D:\GitHub\Spring-ECommerce\database\target\classes started by Oscar in D:\GitHub\Spring-ECommerce)
2023-12-18 20:24:44.702  INFO 23372 --- [main] com.oscar.database.DatabaseApplication   : No active profile set, falling back to 1 default profile: "default"
2023-12-18 20:24:46.427  INFO 23372 --- [main] com.oscar.database.DatabaseApplication   : Started DatabaseApplication in 1.942 seconds (JVM running for 2.473)
2023-12-18 20:24:48.571  INFO 23372 --- [http-nio-8082-exec-1] com.oscar.database.aspect.LogAspect      : RequestLog --- com.oscar.database.aspect.LogAspect$RequestLog@5c81b749
2023-12-18 20:24:48.628  INFO 23372 --- [http-nio-8082-exec-1] com.oscar.database.aspect.LogAspect      : Returning --- ApiResponse(statusCode=200, status=正常, resultData=[ProductCategory(id=1, title=3C, description=Electronics, Computers, Cameras, etc., pid=00001, isDelete=N)])
2023-12-18 20:25:30.003  INFO 4212 --- [main] com.oscar.database.DatabaseApplication   : Starting DatabaseApplication using Java 11.0.19 on DESKTOP-VPUE1QB with PID 4212 (D:\GitHub\Spring-ECommerce\database\target\classes started by Oscar in D:\GitHub\Spring-ECommerce)
2023-12-18 20:25:30.005  INFO 4212 --- [main] com.oscar.database.DatabaseApplication   : No active profile set, falling back to 1 default profile: "default"
2023-12-18 20:25:31.650  INFO 4212 --- [main] com.oscar.database.DatabaseApplication   : Started DatabaseApplication in 1.862 seconds (JVM running for 2.366)
2023-12-18 20:25:34.138  INFO 4212 --- [http-nio-8082-exec-1] com.oscar.database.aspect.LogAspect      : RequestLog --- RequestLog{url='restfulapi/productCategory', ip='0:0:0:0:0:0:0:1', classMethod='ProductCategoryController.getAllList', args=[]}
2023-12-18 20:25:34.201  INFO 4212 --- [http-nio-8082-exec-1] com.oscar.database.aspect.LogAspect      : Returning --- ApiResponse(statusCode=200, status=正常, resultData=[ProductCategory(id=1, title=3C, description=Electronics, Computers, Cameras, etc., pid=00001, isDelete=N)])
